C:\GITHUB WORKING\LEETCODE\BEST TIME TO BUY AND SELL STOCK II\BEST TIME TO BUY AND SELL STOCK II\DEBUG\MAIN.OBJ
C:\GITHUB WORKING\LEETCODE\BEST TIME TO BUY AND SELL STOCK II\BEST TIME TO BUY AND SELL STOCK II\DEBUG\VC110.PDB
C:\GITHUB WORKING\LEETCODE\BEST TIME TO BUY AND SELL STOCK II\DEBUG\BEST TIME TO BUY AND SELL STOCK II.ILK
C:\GITHUB WORKING\LEETCODE\BEST TIME TO BUY AND SELL STOCK II\DEBUG\BEST TIME TO BUY AND SELL STOCK II.EXE
C:\GITHUB WORKING\LEETCODE\BEST TIME TO BUY AND SELL STOCK II\DEBUG\BEST TIME TO BUY AND SELL STOCK II.PDB
C:\Github working\leetcode\Best Time to Buy and Sell Stock II\Best Time to Buy and Sell Stock II\Debug\main.obj
C:\Github working\leetcode\Best Time to Buy and Sell Stock II\Best Time to Buy and Sell Stock II\Debug\cl.command.1.tlog
C:\Github working\leetcode\Best Time to Buy and Sell Stock II\Best Time to Buy and Sell Stock II\Debug\CL.read.1.tlog
C:\Github working\leetcode\Best Time to Buy and Sell Stock II\Best Time to Buy and Sell Stock II\Debug\CL.write.1.tlog
C:\Github working\leetcode\Best Time to Buy and Sell Stock II\Best Time to Buy and Sell Stock II\Debug\link-cvtres.read.1.tlog
C:\Github working\leetcode\Best Time to Buy and Sell Stock II\Best Time to Buy and Sell Stock II\Debug\link-cvtres.write.1.tlog
C:\Github working\leetcode\Best Time to Buy and Sell Stock II\Best Time to Buy and Sell Stock II\Debug\link-rc.read.1.tlog
C:\Github working\leetcode\Best Time to Buy and Sell Stock II\Best Time to Buy and Sell Stock II\Debug\link-rc.write.1.tlog
C:\Github working\leetcode\Best Time to Buy and Sell Stock II\Best Time to Buy and Sell Stock II\Debug\link.command.1.tlog
C:\Github working\leetcode\Best Time to Buy and Sell Stock II\Best Time to Buy and Sell Stock II\Debug\link.read.1.tlog
C:\Github working\leetcode\Best Time to Buy and Sell Stock II\Best Time to Buy and Sell Stock II\Debug\link.write.1.tlog
C:\Github working\leetcode\Best Time to Buy and Sell Stock II\Best Time to Buy and Sell Stock II\Debug\vc110.idb
C:\Github working\leetcode\Best Time to Buy and Sell Stock II\Best Time to Buy and Sell Stock II\Debug\vc110.pdb
C:\Github working\leetcode\Best Time to Buy and Sell Stock II\Debug\Best Time to Buy and Sell Stock II.pdb
C:\Github working\leetcode\Best Time to Buy and Sell Stock II\Debug\Best Time to Buy and Sell Stock II.exe
C:\Github working\leetcode\Best Time to Buy and Sell Stock II\Debug\Best Time to Buy and Sell Stock II.ilk
