E:\HERBERT PROJECT\GITHUB PROJECT\LEETCODE\COMBINATION SUM\COMBINATION SUM\DEBUG\MAIN.OBJ
E:\HERBERT PROJECT\GITHUB PROJECT\LEETCODE\COMBINATION SUM\COMBINATION SUM\DEBUG\VC110.PDB
E:\HERBERT PROJECT\GITHUB PROJECT\LEETCODE\COMBINATION SUM\DEBUG\COMBINATION SUM.ILK
E:\HERBERT PROJECT\GITHUB PROJECT\LEETCODE\COMBINATION SUM\DEBUG\COMBINATION SUM.EXE
E:\HERBERT PROJECT\GITHUB PROJECT\LEETCODE\COMBINATION SUM\DEBUG\COMBINATION SUM.PDB
E:\Herbert Project\GitHub Project\leetcode\Combination Sum\Combination Sum\Debug\cl.command.1.tlog
E:\Herbert Project\GitHub Project\leetcode\Combination Sum\Combination Sum\Debug\CL.read.1.tlog
E:\Herbert Project\GitHub Project\leetcode\Combination Sum\Combination Sum\Debug\CL.write.1.tlog
E:\Herbert Project\GitHub Project\leetcode\Combination Sum\Combination Sum\Debug\link-cvtres.read.1.tlog
E:\Herbert Project\GitHub Project\leetcode\Combination Sum\Combination Sum\Debug\link-cvtres.write.1.tlog
E:\Herbert Project\GitHub Project\leetcode\Combination Sum\Combination Sum\Debug\link-rc.read.1.tlog
E:\Herbert Project\GitHub Project\leetcode\Combination Sum\Combination Sum\Debug\link-rc.write.1.tlog
E:\Herbert Project\GitHub Project\leetcode\Combination Sum\Combination Sum\Debug\link.6884-cvtres.read.1.tlog
E:\Herbert Project\GitHub Project\leetcode\Combination Sum\Combination Sum\Debug\link.6884-cvtres.write.1.tlog
E:\Herbert Project\GitHub Project\leetcode\Combination Sum\Combination Sum\Debug\link.6884-rc.read.1.tlog
E:\Herbert Project\GitHub Project\leetcode\Combination Sum\Combination Sum\Debug\link.6884-rc.write.1.tlog
E:\Herbert Project\GitHub Project\leetcode\Combination Sum\Combination Sum\Debug\link.6884.read.1.tlog
E:\Herbert Project\GitHub Project\leetcode\Combination Sum\Combination Sum\Debug\link.6884.write.1.tlog
E:\Herbert Project\GitHub Project\leetcode\Combination Sum\Combination Sum\Debug\link.command.1.tlog
E:\Herbert Project\GitHub Project\leetcode\Combination Sum\Combination Sum\Debug\link.read.1.tlog
E:\Herbert Project\GitHub Project\leetcode\Combination Sum\Combination Sum\Debug\link.write.1.tlog
E:\Herbert Project\GitHub Project\leetcode\Combination Sum\Combination Sum\Debug\vc110.idb
E:\Herbert Project\GitHub Project\leetcode\Combination Sum\Combination Sum\Debug\vc110.pdb
E:\Herbert Project\GitHub Project\leetcode\Combination Sum\Debug\Combination Sum.pdb
E:\Herbert Project\GitHub Project\leetcode\Combination Sum\Debug\Combination Sum.exe
E:\Herbert Project\GitHub Project\leetcode\Combination Sum\Debug\Combination Sum.ilk
