E:\HERBERT PROJECT\GITHUB PROJECT\LEETCODE\HAPPY NUMBER\HAPPY NUMBER\DEBUG\MAIN.OBJ
E:\HERBERT PROJECT\GITHUB PROJECT\LEETCODE\HAPPY NUMBER\HAPPY NUMBER\DEBUG\VC110.PDB
E:\HERBERT PROJECT\GITHUB PROJECT\LEETCODE\HAPPY NUMBER\DEBUG\HAPPY NUMBER.ILK
E:\HERBERT PROJECT\GITHUB PROJECT\LEETCODE\HAPPY NUMBER\DEBUG\HAPPY NUMBER.EXE
E:\HERBERT PROJECT\GITHUB PROJECT\LEETCODE\HAPPY NUMBER\DEBUG\HAPPY NUMBER.PDB
E:\Herbert Project\GitHub Project\leetcode\Happy Number\Happy Number\Debug\main.obj
E:\Herbert Project\GitHub Project\leetcode\Happy Number\Happy Number\Debug\cl.command.1.tlog
E:\Herbert Project\GitHub Project\leetcode\Happy Number\Happy Number\Debug\CL.read.1.tlog
E:\Herbert Project\GitHub Project\leetcode\Happy Number\Happy Number\Debug\CL.write.1.tlog
E:\Herbert Project\GitHub Project\leetcode\Happy Number\Happy Number\Debug\link-cvtres.read.1.tlog
E:\Herbert Project\GitHub Project\leetcode\Happy Number\Happy Number\Debug\link-cvtres.write.1.tlog
E:\Herbert Project\GitHub Project\leetcode\Happy Number\Happy Number\Debug\link-rc.read.1.tlog
E:\Herbert Project\GitHub Project\leetcode\Happy Number\Happy Number\Debug\link-rc.write.1.tlog
E:\Herbert Project\GitHub Project\leetcode\Happy Number\Happy Number\Debug\link.command.1.tlog
E:\Herbert Project\GitHub Project\leetcode\Happy Number\Happy Number\Debug\link.read.1.tlog
E:\Herbert Project\GitHub Project\leetcode\Happy Number\Happy Number\Debug\link.write.1.tlog
E:\Herbert Project\GitHub Project\leetcode\Happy Number\Happy Number\Debug\vc110.idb
E:\Herbert Project\GitHub Project\leetcode\Happy Number\Happy Number\Debug\vc110.pdb
E:\Herbert Project\GitHub Project\leetcode\Happy Number\Debug\Happy Number.pdb
E:\Herbert Project\GitHub Project\leetcode\Happy Number\Debug\Happy Number.exe
E:\Herbert Project\GitHub Project\leetcode\Happy Number\Debug\Happy Number.ilk
