E:\HERBERT PROJECT\GITHUB PROJECT\LEETCODE\N-QUEENS\N-QUEENS\DEBUG\MAIN.OBJ
E:\HERBERT PROJECT\GITHUB PROJECT\LEETCODE\N-QUEENS\N-QUEENS\DEBUG\VC110.PDB
E:\HERBERT PROJECT\GITHUB PROJECT\LEETCODE\N-QUEENS\DEBUG\N-QUEENS.ILK
E:\HERBERT PROJECT\GITHUB PROJECT\LEETCODE\N-QUEENS\DEBUG\N-QUEENS.EXE
E:\HERBERT PROJECT\GITHUB PROJECT\LEETCODE\N-QUEENS\DEBUG\N-QUEENS.PDB
E:\Herbert Project\GitHub Project\leetcode\N-Queens\N-Queens\Debug\main.obj
E:\Herbert Project\GitHub Project\leetcode\N-Queens\N-Queens\Debug\cl.command.1.tlog
E:\Herbert Project\GitHub Project\leetcode\N-Queens\N-Queens\Debug\CL.read.1.tlog
E:\Herbert Project\GitHub Project\leetcode\N-Queens\N-Queens\Debug\CL.write.1.tlog
E:\Herbert Project\GitHub Project\leetcode\N-Queens\N-Queens\Debug\link-cvtres.read.1.tlog
E:\Herbert Project\GitHub Project\leetcode\N-Queens\N-Queens\Debug\link-cvtres.write.1.tlog
E:\Herbert Project\GitHub Project\leetcode\N-Queens\N-Queens\Debug\link-rc.read.1.tlog
E:\Herbert Project\GitHub Project\leetcode\N-Queens\N-Queens\Debug\link-rc.write.1.tlog
E:\Herbert Project\GitHub Project\leetcode\N-Queens\N-Queens\Debug\link.command.1.tlog
E:\Herbert Project\GitHub Project\leetcode\N-Queens\N-Queens\Debug\link.read.1.tlog
E:\Herbert Project\GitHub Project\leetcode\N-Queens\N-Queens\Debug\link.write.1.tlog
E:\Herbert Project\GitHub Project\leetcode\N-Queens\N-Queens\Debug\vc110.idb
E:\Herbert Project\GitHub Project\leetcode\N-Queens\N-Queens\Debug\vc110.pdb
E:\Herbert Project\GitHub Project\leetcode\N-Queens\Debug\N-Queens.pdb
E:\Herbert Project\GitHub Project\leetcode\N-Queens\Debug\N-Queens.exe
E:\Herbert Project\GitHub Project\leetcode\N-Queens\Debug\N-Queens.ilk
