E:\HERBERT PROJECT\GITHUB PROJECT\LEETCODE\WORD SEARCH\WORD SEARCH\DEBUG\MAIN.OBJ
E:\HERBERT PROJECT\GITHUB PROJECT\LEETCODE\WORD SEARCH\WORD SEARCH\DEBUG\VC110.PDB
E:\HERBERT PROJECT\GITHUB PROJECT\LEETCODE\WORD SEARCH\DEBUG\WORD SEARCH.ILK
E:\HERBERT PROJECT\GITHUB PROJECT\LEETCODE\WORD SEARCH\DEBUG\WORD SEARCH.EXE
E:\HERBERT PROJECT\GITHUB PROJECT\LEETCODE\WORD SEARCH\DEBUG\WORD SEARCH.PDB
E:\Herbert Project\GitHub Project\leetcode\Word Search\Word Search\Debug\main.obj
E:\Herbert Project\GitHub Project\leetcode\Word Search\Word Search\Debug\cl.command.1.tlog
E:\Herbert Project\GitHub Project\leetcode\Word Search\Word Search\Debug\CL.read.1.tlog
E:\Herbert Project\GitHub Project\leetcode\Word Search\Word Search\Debug\CL.write.1.tlog
E:\Herbert Project\GitHub Project\leetcode\Word Search\Word Search\Debug\link-cvtres.read.1.tlog
E:\Herbert Project\GitHub Project\leetcode\Word Search\Word Search\Debug\link-cvtres.write.1.tlog
E:\Herbert Project\GitHub Project\leetcode\Word Search\Word Search\Debug\link-rc.read.1.tlog
E:\Herbert Project\GitHub Project\leetcode\Word Search\Word Search\Debug\link-rc.write.1.tlog
E:\Herbert Project\GitHub Project\leetcode\Word Search\Word Search\Debug\link.command.1.tlog
E:\Herbert Project\GitHub Project\leetcode\Word Search\Word Search\Debug\link.read.1.tlog
E:\Herbert Project\GitHub Project\leetcode\Word Search\Word Search\Debug\link.write.1.tlog
E:\Herbert Project\GitHub Project\leetcode\Word Search\Word Search\Debug\vc110.idb
E:\Herbert Project\GitHub Project\leetcode\Word Search\Word Search\Debug\vc110.pdb
E:\Herbert Project\GitHub Project\leetcode\Word Search\Debug\Word Search.pdb
E:\Herbert Project\GitHub Project\leetcode\Word Search\Debug\Word Search.exe
E:\Herbert Project\GitHub Project\leetcode\Word Search\Debug\Word Search.ilk
