E:\HERBERT PROJECT\GITHUB PROJECT\LEETCODE\INTERLEAVING STRING\INTERLEAVING STRING\DEBUG\MAIN.OBJ
E:\HERBERT PROJECT\GITHUB PROJECT\LEETCODE\INTERLEAVING STRING\INTERLEAVING STRING\DEBUG\VC110.PDB
E:\HERBERT PROJECT\GITHUB PROJECT\LEETCODE\INTERLEAVING STRING\DEBUG\INTERLEAVING STRING.ILK
E:\HERBERT PROJECT\GITHUB PROJECT\LEETCODE\INTERLEAVING STRING\DEBUG\INTERLEAVING STRING.EXE
E:\HERBERT PROJECT\GITHUB PROJECT\LEETCODE\INTERLEAVING STRING\DEBUG\INTERLEAVING STRING.PDB
E:\Herbert Project\GitHub Project\leetcode\Interleaving String\Interleaving String\Debug\main.obj
E:\Herbert Project\GitHub Project\leetcode\Interleaving String\Interleaving String\Debug\cl.command.1.tlog
E:\Herbert Project\GitHub Project\leetcode\Interleaving String\Interleaving String\Debug\CL.read.1.tlog
E:\Herbert Project\GitHub Project\leetcode\Interleaving String\Interleaving String\Debug\CL.write.1.tlog
E:\Herbert Project\GitHub Project\leetcode\Interleaving String\Interleaving String\Debug\link-cvtres.read.1.tlog
E:\Herbert Project\GitHub Project\leetcode\Interleaving String\Interleaving String\Debug\link-cvtres.write.1.tlog
E:\Herbert Project\GitHub Project\leetcode\Interleaving String\Interleaving String\Debug\link-rc.read.1.tlog
E:\Herbert Project\GitHub Project\leetcode\Interleaving String\Interleaving String\Debug\link-rc.write.1.tlog
E:\Herbert Project\GitHub Project\leetcode\Interleaving String\Interleaving String\Debug\link.command.1.tlog
E:\Herbert Project\GitHub Project\leetcode\Interleaving String\Interleaving String\Debug\link.read.1.tlog
E:\Herbert Project\GitHub Project\leetcode\Interleaving String\Interleaving String\Debug\link.write.1.tlog
E:\Herbert Project\GitHub Project\leetcode\Interleaving String\Interleaving String\Debug\vc110.idb
E:\Herbert Project\GitHub Project\leetcode\Interleaving String\Interleaving String\Debug\vc110.pdb
E:\Herbert Project\GitHub Project\leetcode\Interleaving String\Debug\Interleaving String.pdb
E:\Herbert Project\GitHub Project\leetcode\Interleaving String\Debug\Interleaving String.exe
E:\Herbert Project\GitHub Project\leetcode\Interleaving String\Debug\Interleaving String.ilk
