E:\HERBERT PROJECT\GITHUB PROJECT\LEETCODE\WORD SEARCH II\WORD SEARCH II\DEBUG\MAIN.OBJ
E:\HERBERT PROJECT\GITHUB PROJECT\LEETCODE\WORD SEARCH II\WORD SEARCH II\DEBUG\VC110.PDB
E:\HERBERT PROJECT\GITHUB PROJECT\LEETCODE\WORD SEARCH II\DEBUG\WORD SEARCH II.ILK
E:\HERBERT PROJECT\GITHUB PROJECT\LEETCODE\WORD SEARCH II\DEBUG\WORD SEARCH II.EXE
E:\HERBERT PROJECT\GITHUB PROJECT\LEETCODE\WORD SEARCH II\DEBUG\WORD SEARCH II.PDB
E:\Herbert Project\GitHub Project\leetcode\Word Search II\Word Search II\Debug\main.obj
E:\Herbert Project\GitHub Project\leetcode\Word Search II\Word Search II\Debug\cl.command.1.tlog
E:\Herbert Project\GitHub Project\leetcode\Word Search II\Word Search II\Debug\CL.read.1.tlog
E:\Herbert Project\GitHub Project\leetcode\Word Search II\Word Search II\Debug\CL.write.1.tlog
E:\Herbert Project\GitHub Project\leetcode\Word Search II\Word Search II\Debug\link-cvtres.read.1.tlog
E:\Herbert Project\GitHub Project\leetcode\Word Search II\Word Search II\Debug\link-cvtres.write.1.tlog
E:\Herbert Project\GitHub Project\leetcode\Word Search II\Word Search II\Debug\link-rc.read.1.tlog
E:\Herbert Project\GitHub Project\leetcode\Word Search II\Word Search II\Debug\link-rc.write.1.tlog
E:\Herbert Project\GitHub Project\leetcode\Word Search II\Word Search II\Debug\link.command.1.tlog
E:\Herbert Project\GitHub Project\leetcode\Word Search II\Word Search II\Debug\link.read.1.tlog
E:\Herbert Project\GitHub Project\leetcode\Word Search II\Word Search II\Debug\link.write.1.tlog
E:\Herbert Project\GitHub Project\leetcode\Word Search II\Word Search II\Debug\vc110.idb
E:\Herbert Project\GitHub Project\leetcode\Word Search II\Word Search II\Debug\vc110.pdb
E:\Herbert Project\GitHub Project\leetcode\Word Search II\Debug\Word Search II.pdb
E:\Herbert Project\GitHub Project\leetcode\Word Search II\Debug\Word Search II.exe
E:\Herbert Project\GitHub Project\leetcode\Word Search II\Debug\Word Search II.ilk
