E:\HERBERT PROJECT\GITHUB PROJECT\LEETCODE\HOUSE ROBBER II\HOUSE ROBBER II\DEBUG\MAIN.OBJ
E:\HERBERT PROJECT\GITHUB PROJECT\LEETCODE\HOUSE ROBBER II\HOUSE ROBBER II\DEBUG\VC110.PDB
E:\HERBERT PROJECT\GITHUB PROJECT\LEETCODE\HOUSE ROBBER II\DEBUG\HOUSE ROBBER II.ILK
E:\HERBERT PROJECT\GITHUB PROJECT\LEETCODE\HOUSE ROBBER II\DEBUG\HOUSE ROBBER II.EXE
E:\HERBERT PROJECT\GITHUB PROJECT\LEETCODE\HOUSE ROBBER II\DEBUG\HOUSE ROBBER II.PDB
E:\Herbert Project\GitHub Project\leetcode\House Robber II\House Robber II\Debug\main.obj
E:\Herbert Project\GitHub Project\leetcode\House Robber II\House Robber II\Debug\cl.command.1.tlog
E:\Herbert Project\GitHub Project\leetcode\House Robber II\House Robber II\Debug\CL.read.1.tlog
E:\Herbert Project\GitHub Project\leetcode\House Robber II\House Robber II\Debug\CL.write.1.tlog
E:\Herbert Project\GitHub Project\leetcode\House Robber II\House Robber II\Debug\link-cvtres.read.1.tlog
E:\Herbert Project\GitHub Project\leetcode\House Robber II\House Robber II\Debug\link-cvtres.write.1.tlog
E:\Herbert Project\GitHub Project\leetcode\House Robber II\House Robber II\Debug\link-rc.read.1.tlog
E:\Herbert Project\GitHub Project\leetcode\House Robber II\House Robber II\Debug\link-rc.write.1.tlog
E:\Herbert Project\GitHub Project\leetcode\House Robber II\House Robber II\Debug\link.command.1.tlog
E:\Herbert Project\GitHub Project\leetcode\House Robber II\House Robber II\Debug\link.read.1.tlog
E:\Herbert Project\GitHub Project\leetcode\House Robber II\House Robber II\Debug\link.write.1.tlog
E:\Herbert Project\GitHub Project\leetcode\House Robber II\House Robber II\Debug\vc110.idb
E:\Herbert Project\GitHub Project\leetcode\House Robber II\House Robber II\Debug\vc110.pdb
E:\Herbert Project\GitHub Project\leetcode\House Robber II\Debug\House Robber II.pdb
E:\Herbert Project\GitHub Project\leetcode\House Robber II\Debug\House Robber II.exe
E:\Herbert Project\GitHub Project\leetcode\House Robber II\Debug\House Robber II.ilk
