E:\HERBERT PROJECT\GITHUB PROJECT\HCNETCAMERA\EDIT DISTANCE\EDIT DISTANCE\DEBUG\MAIN.OBJ
E:\HERBERT PROJECT\GITHUB PROJECT\HCNETCAMERA\EDIT DISTANCE\EDIT DISTANCE\DEBUG\VC110.PDB
E:\HERBERT PROJECT\GITHUB PROJECT\HCNETCAMERA\EDIT DISTANCE\DEBUG\EDIT DISTANCE.ILK
E:\HERBERT PROJECT\GITHUB PROJECT\HCNETCAMERA\EDIT DISTANCE\DEBUG\EDIT DISTANCE.EXE
E:\HERBERT PROJECT\GITHUB PROJECT\HCNETCAMERA\EDIT DISTANCE\DEBUG\EDIT DISTANCE.PDB
E:\Herbert Project\GitHub Project\HCNetCamera\Edit Distance\Edit Distance\Debug\main.obj
E:\Herbert Project\GitHub Project\HCNetCamera\Edit Distance\Edit Distance\Debug\cl.command.1.tlog
E:\Herbert Project\GitHub Project\HCNetCamera\Edit Distance\Edit Distance\Debug\CL.read.1.tlog
E:\Herbert Project\GitHub Project\HCNetCamera\Edit Distance\Edit Distance\Debug\CL.write.1.tlog
E:\Herbert Project\GitHub Project\HCNetCamera\Edit Distance\Edit Distance\Debug\link-cvtres.read.1.tlog
E:\Herbert Project\GitHub Project\HCNetCamera\Edit Distance\Edit Distance\Debug\link-cvtres.write.1.tlog
E:\Herbert Project\GitHub Project\HCNetCamera\Edit Distance\Edit Distance\Debug\link-rc.read.1.tlog
E:\Herbert Project\GitHub Project\HCNetCamera\Edit Distance\Edit Distance\Debug\link-rc.write.1.tlog
E:\Herbert Project\GitHub Project\HCNetCamera\Edit Distance\Edit Distance\Debug\link.command.1.tlog
E:\Herbert Project\GitHub Project\HCNetCamera\Edit Distance\Edit Distance\Debug\link.read.1.tlog
E:\Herbert Project\GitHub Project\HCNetCamera\Edit Distance\Edit Distance\Debug\link.write.1.tlog
E:\Herbert Project\GitHub Project\HCNetCamera\Edit Distance\Edit Distance\Debug\vc110.idb
E:\Herbert Project\GitHub Project\HCNetCamera\Edit Distance\Edit Distance\Debug\vc110.pdb
E:\Herbert Project\GitHub Project\HCNetCamera\Edit Distance\Debug\Edit Distance.pdb
E:\Herbert Project\GitHub Project\HCNetCamera\Edit Distance\Debug\Edit Distance.exe
E:\Herbert Project\GitHub Project\HCNetCamera\Edit Distance\Debug\Edit Distance.ilk
