C:\GITHUB WORKING\LEETCODE\DECODE WAYS\DECODE WAYS\DEBUG\MAIN.OBJ
C:\GITHUB WORKING\LEETCODE\DECODE WAYS\DECODE WAYS\DEBUG\VC110.PDB
C:\GITHUB WORKING\LEETCODE\DECODE WAYS\DEBUG\DECODE WAYS.ILK
C:\GITHUB WORKING\LEETCODE\DECODE WAYS\DEBUG\DECODE WAYS.EXE
C:\GITHUB WORKING\LEETCODE\DECODE WAYS\DEBUG\DECODE WAYS.PDB
C:\Github working\leetcode\Decode Ways\Decode Ways\Debug\main.obj
C:\Github working\leetcode\Decode Ways\Decode Ways\Debug\cl.command.1.tlog
C:\Github working\leetcode\Decode Ways\Decode Ways\Debug\CL.read.1.tlog
C:\Github working\leetcode\Decode Ways\Decode Ways\Debug\CL.write.1.tlog
C:\Github working\leetcode\Decode Ways\Decode Ways\Debug\link-cvtres.read.1.tlog
C:\Github working\leetcode\Decode Ways\Decode Ways\Debug\link-cvtres.write.1.tlog
C:\Github working\leetcode\Decode Ways\Decode Ways\Debug\link-rc.read.1.tlog
C:\Github working\leetcode\Decode Ways\Decode Ways\Debug\link-rc.write.1.tlog
C:\Github working\leetcode\Decode Ways\Decode Ways\Debug\link.command.1.tlog
C:\Github working\leetcode\Decode Ways\Decode Ways\Debug\link.read.1.tlog
C:\Github working\leetcode\Decode Ways\Decode Ways\Debug\link.write.1.tlog
C:\Github working\leetcode\Decode Ways\Decode Ways\Debug\vc110.idb
C:\Github working\leetcode\Decode Ways\Decode Ways\Debug\vc110.pdb
C:\Github working\leetcode\Decode Ways\Debug\Decode Ways.pdb
C:\Github working\leetcode\Decode Ways\Debug\Decode Ways.exe
C:\Github working\leetcode\Decode Ways\Debug\Decode Ways.ilk
