E:\HERBERT PROJECT\GITHUB PROJECT\LEETCODE\COMBINATION SUM II\COMBINATION SUM II\DEBUG\MAIN.OBJ
E:\HERBERT PROJECT\GITHUB PROJECT\LEETCODE\COMBINATION SUM II\COMBINATION SUM II\DEBUG\VC110.PDB
E:\HERBERT PROJECT\GITHUB PROJECT\LEETCODE\COMBINATION SUM II\DEBUG\COMBINATION SUM II.ILK
E:\HERBERT PROJECT\GITHUB PROJECT\LEETCODE\COMBINATION SUM II\DEBUG\COMBINATION SUM II.EXE
E:\HERBERT PROJECT\GITHUB PROJECT\LEETCODE\COMBINATION SUM II\DEBUG\COMBINATION SUM II.PDB
E:\Herbert Project\GitHub Project\leetcode\Combination Sum II\Combination Sum II\Debug\main.obj
E:\Herbert Project\GitHub Project\leetcode\Combination Sum II\Combination Sum II\Debug\cl.command.1.tlog
E:\Herbert Project\GitHub Project\leetcode\Combination Sum II\Combination Sum II\Debug\CL.read.1.tlog
E:\Herbert Project\GitHub Project\leetcode\Combination Sum II\Combination Sum II\Debug\CL.write.1.tlog
E:\Herbert Project\GitHub Project\leetcode\Combination Sum II\Combination Sum II\Debug\link-cvtres.read.1.tlog
E:\Herbert Project\GitHub Project\leetcode\Combination Sum II\Combination Sum II\Debug\link-cvtres.write.1.tlog
E:\Herbert Project\GitHub Project\leetcode\Combination Sum II\Combination Sum II\Debug\link-rc.read.1.tlog
E:\Herbert Project\GitHub Project\leetcode\Combination Sum II\Combination Sum II\Debug\link-rc.write.1.tlog
E:\Herbert Project\GitHub Project\leetcode\Combination Sum II\Combination Sum II\Debug\link.7492-cvtres.read.1.tlog
E:\Herbert Project\GitHub Project\leetcode\Combination Sum II\Combination Sum II\Debug\link.7492-cvtres.write.1.tlog
E:\Herbert Project\GitHub Project\leetcode\Combination Sum II\Combination Sum II\Debug\link.7492-rc.read.1.tlog
E:\Herbert Project\GitHub Project\leetcode\Combination Sum II\Combination Sum II\Debug\link.7492-rc.write.1.tlog
E:\Herbert Project\GitHub Project\leetcode\Combination Sum II\Combination Sum II\Debug\link.7492.read.1.tlog
E:\Herbert Project\GitHub Project\leetcode\Combination Sum II\Combination Sum II\Debug\link.7492.write.1.tlog
E:\Herbert Project\GitHub Project\leetcode\Combination Sum II\Combination Sum II\Debug\link.command.1.tlog
E:\Herbert Project\GitHub Project\leetcode\Combination Sum II\Combination Sum II\Debug\link.read.1.tlog
E:\Herbert Project\GitHub Project\leetcode\Combination Sum II\Combination Sum II\Debug\link.write.1.tlog
E:\Herbert Project\GitHub Project\leetcode\Combination Sum II\Combination Sum II\Debug\vc110.idb
E:\Herbert Project\GitHub Project\leetcode\Combination Sum II\Combination Sum II\Debug\vc110.pdb
E:\Herbert Project\GitHub Project\leetcode\Combination Sum II\Debug\Combination Sum II.pdb
E:\Herbert Project\GitHub Project\leetcode\Combination Sum II\Debug\Combination Sum II.exe
E:\Herbert Project\GitHub Project\leetcode\Combination Sum II\Debug\Combination Sum II.ilk
