C:\GITHUB WORKING\LEETCODE\LETTER COMBINATIONS OF A PHONE NUMBER\LETTER COMBINATIONS OF A PHONE NUMBER\DEBUG\MAIN.OBJ
C:\GITHUB WORKING\LEETCODE\LETTER COMBINATIONS OF A PHONE NUMBER\LETTER COMBINATIONS OF A PHONE NUMBER\DEBUG\VC110.PDB
C:\GITHUB WORKING\LEETCODE\LETTER COMBINATIONS OF A PHONE NUMBER\DEBUG\LETTER COMBINATIONS OF A PHONE NUMBER.ILK
C:\GITHUB WORKING\LEETCODE\LETTER COMBINATIONS OF A PHONE NUMBER\DEBUG\LETTER COMBINATIONS OF A PHONE NUMBER.EXE
C:\GITHUB WORKING\LEETCODE\LETTER COMBINATIONS OF A PHONE NUMBER\DEBUG\LETTER COMBINATIONS OF A PHONE NUMBER.PDB
C:\Github working\leetcode\Letter Combinations of a Phone Number\Letter Combinations of a Phone Number\Debug\main.obj
C:\Github working\leetcode\Letter Combinations of a Phone Number\Letter Combinations of a Phone Number\Debug\cl.command.1.tlog
C:\Github working\leetcode\Letter Combinations of a Phone Number\Letter Combinations of a Phone Number\Debug\CL.read.1.tlog
C:\Github working\leetcode\Letter Combinations of a Phone Number\Letter Combinations of a Phone Number\Debug\CL.write.1.tlog
C:\Github working\leetcode\Letter Combinations of a Phone Number\Letter Combinations of a Phone Number\Debug\link-cvtres.read.1.tlog
C:\Github working\leetcode\Letter Combinations of a Phone Number\Letter Combinations of a Phone Number\Debug\link-cvtres.write.1.tlog
C:\Github working\leetcode\Letter Combinations of a Phone Number\Letter Combinations of a Phone Number\Debug\link-rc.read.1.tlog
C:\Github working\leetcode\Letter Combinations of a Phone Number\Letter Combinations of a Phone Number\Debug\link-rc.write.1.tlog
C:\Github working\leetcode\Letter Combinations of a Phone Number\Letter Combinations of a Phone Number\Debug\link.command.1.tlog
C:\Github working\leetcode\Letter Combinations of a Phone Number\Letter Combinations of a Phone Number\Debug\link.read.1.tlog
C:\Github working\leetcode\Letter Combinations of a Phone Number\Letter Combinations of a Phone Number\Debug\link.write.1.tlog
C:\Github working\leetcode\Letter Combinations of a Phone Number\Letter Combinations of a Phone Number\Debug\vc110.idb
C:\Github working\leetcode\Letter Combinations of a Phone Number\Letter Combinations of a Phone Number\Debug\vc110.pdb
C:\Github working\leetcode\Letter Combinations of a Phone Number\Debug\Letter Combinations of a Phone Number.pdb
C:\Github working\leetcode\Letter Combinations of a Phone Number\Debug\Letter Combinations of a Phone Number.exe
C:\Github working\leetcode\Letter Combinations of a Phone Number\Debug\Letter Combinations of a Phone Number.ilk
