C:\GITHUB PROJECTS\LEETCODE\UNIQUE PATHS\UNIQUE PATHS\DEBUG\MAIN.OBJ
C:\GITHUB PROJECTS\LEETCODE\UNIQUE PATHS\UNIQUE PATHS\DEBUG\VC110.PDB
C:\GITHUB PROJECTS\LEETCODE\UNIQUE PATHS\DEBUG\UNIQUE PATHS.ILK
C:\GITHUB PROJECTS\LEETCODE\UNIQUE PATHS\DEBUG\UNIQUE PATHS.EXE
C:\GITHUB PROJECTS\LEETCODE\UNIQUE PATHS\DEBUG\UNIQUE PATHS.PDB
C:\GitHub Projects\leetcode\Unique Paths\Unique Paths\Debug\cl.command.1.tlog
C:\GitHub Projects\leetcode\Unique Paths\Unique Paths\Debug\CL.read.1.tlog
C:\GitHub Projects\leetcode\Unique Paths\Unique Paths\Debug\CL.write.1.tlog
C:\GitHub Projects\leetcode\Unique Paths\Unique Paths\Debug\link-cvtres.read.1.tlog
C:\GitHub Projects\leetcode\Unique Paths\Unique Paths\Debug\link-cvtres.write.1.tlog
C:\GitHub Projects\leetcode\Unique Paths\Unique Paths\Debug\link-rc.read.1.tlog
C:\GitHub Projects\leetcode\Unique Paths\Unique Paths\Debug\link-rc.write.1.tlog
C:\GitHub Projects\leetcode\Unique Paths\Unique Paths\Debug\link.command.1.tlog
C:\GitHub Projects\leetcode\Unique Paths\Unique Paths\Debug\link.read.1.tlog
C:\GitHub Projects\leetcode\Unique Paths\Unique Paths\Debug\link.write.1.tlog
C:\GitHub Projects\leetcode\Unique Paths\Unique Paths\Debug\vc110.idb
C:\GitHub Projects\leetcode\Unique Paths\Unique Paths\Debug\vc110.pdb
C:\GitHub Projects\leetcode\Unique Paths\Debug\Unique Paths.pdb
C:\GitHub Projects\leetcode\Unique Paths\Debug\Unique Paths.exe
C:\GitHub Projects\leetcode\Unique Paths\Debug\Unique Paths.ilk
