C:\GITHUB WORKING\LEETCODE\BEST TIME TO BUY AND SELL STOCK\BEST TIME TO BUY AND SELL STOCK\DEBUG\MAIN.OBJ
C:\GITHUB WORKING\LEETCODE\BEST TIME TO BUY AND SELL STOCK\BEST TIME TO BUY AND SELL STOCK\DEBUG\VC110.PDB
C:\GITHUB WORKING\LEETCODE\BEST TIME TO BUY AND SELL STOCK\DEBUG\BEST TIME TO BUY AND SELL STOCK.ILK
C:\GITHUB WORKING\LEETCODE\BEST TIME TO BUY AND SELL STOCK\DEBUG\BEST TIME TO BUY AND SELL STOCK.EXE
C:\GITHUB WORKING\LEETCODE\BEST TIME TO BUY AND SELL STOCK\DEBUG\BEST TIME TO BUY AND SELL STOCK.PDB
C:\Github working\leetcode\Best Time to Buy and Sell Stock\Best Time to Buy and Sell Stock\Debug\main.obj
C:\Github working\leetcode\Best Time to Buy and Sell Stock\Best Time to Buy and Sell Stock\Debug\cl.command.1.tlog
C:\Github working\leetcode\Best Time to Buy and Sell Stock\Best Time to Buy and Sell Stock\Debug\CL.read.1.tlog
C:\Github working\leetcode\Best Time to Buy and Sell Stock\Best Time to Buy and Sell Stock\Debug\CL.write.1.tlog
C:\Github working\leetcode\Best Time to Buy and Sell Stock\Best Time to Buy and Sell Stock\Debug\link-cvtres.read.1.tlog
C:\Github working\leetcode\Best Time to Buy and Sell Stock\Best Time to Buy and Sell Stock\Debug\link-cvtres.write.1.tlog
C:\Github working\leetcode\Best Time to Buy and Sell Stock\Best Time to Buy and Sell Stock\Debug\link-rc.read.1.tlog
C:\Github working\leetcode\Best Time to Buy and Sell Stock\Best Time to Buy and Sell Stock\Debug\link-rc.write.1.tlog
C:\Github working\leetcode\Best Time to Buy and Sell Stock\Best Time to Buy and Sell Stock\Debug\link.command.1.tlog
C:\Github working\leetcode\Best Time to Buy and Sell Stock\Best Time to Buy and Sell Stock\Debug\link.read.1.tlog
C:\Github working\leetcode\Best Time to Buy and Sell Stock\Best Time to Buy and Sell Stock\Debug\link.write.1.tlog
C:\Github working\leetcode\Best Time to Buy and Sell Stock\Best Time to Buy and Sell Stock\Debug\vc110.idb
C:\Github working\leetcode\Best Time to Buy and Sell Stock\Best Time to Buy and Sell Stock\Debug\vc110.pdb
C:\Github working\leetcode\Best Time to Buy and Sell Stock\Debug\Best Time to Buy and Sell Stock.pdb
C:\Github working\leetcode\Best Time to Buy and Sell Stock\Debug\Best Time to Buy and Sell Stock.exe
C:\Github working\leetcode\Best Time to Buy and Sell Stock\Debug\Best Time to Buy and Sell Stock.ilk
