C:\GITHUB WORKING\LEETCODE\SQRT(X)\SQRT(X)\DEBUG\MAIN.OBJ
C:\GITHUB WORKING\LEETCODE\SQRT(X)\SQRT(X)\DEBUG\VC110.PDB
C:\GITHUB WORKING\LEETCODE\SQRT(X)\DEBUG\SQRT(X).ILK
C:\GITHUB WORKING\LEETCODE\SQRT(X)\DEBUG\SQRT(X).EXE
C:\GITHUB WORKING\LEETCODE\SQRT(X)\DEBUG\SQRT(X).PDB
C:\Github working\leetcode\Sqrt(x)\Sqrt(x)\Debug\main.obj
C:\Github working\leetcode\Sqrt(x)\Sqrt(x)\Debug\cl.command.1.tlog
C:\Github working\leetcode\Sqrt(x)\Sqrt(x)\Debug\CL.read.1.tlog
C:\Github working\leetcode\Sqrt(x)\Sqrt(x)\Debug\CL.write.1.tlog
C:\Github working\leetcode\Sqrt(x)\Sqrt(x)\Debug\link-cvtres.read.1.tlog
C:\Github working\leetcode\Sqrt(x)\Sqrt(x)\Debug\link-cvtres.write.1.tlog
C:\Github working\leetcode\Sqrt(x)\Sqrt(x)\Debug\link-rc.read.1.tlog
C:\Github working\leetcode\Sqrt(x)\Sqrt(x)\Debug\link-rc.write.1.tlog
C:\Github working\leetcode\Sqrt(x)\Sqrt(x)\Debug\link.command.1.tlog
C:\Github working\leetcode\Sqrt(x)\Sqrt(x)\Debug\link.read.1.tlog
C:\Github working\leetcode\Sqrt(x)\Sqrt(x)\Debug\link.write.1.tlog
C:\Github working\leetcode\Sqrt(x)\Sqrt(x)\Debug\vc110.idb
C:\Github working\leetcode\Sqrt(x)\Sqrt(x)\Debug\vc110.pdb
C:\Github working\leetcode\Sqrt(x)\Debug\Sqrt(x).pdb
C:\Github working\leetcode\Sqrt(x)\Debug\Sqrt(x).exe
C:\Github working\leetcode\Sqrt(x)\Debug\Sqrt(x).ilk
