E:\HERBERT PROJECT\GITHUB PROJECT\LEETCODE\HOUSE ROBBER\HOUSE ROBBER\DEBUG\MAIN.OBJ
E:\HERBERT PROJECT\GITHUB PROJECT\LEETCODE\HOUSE ROBBER\HOUSE ROBBER\DEBUG\VC110.PDB
E:\HERBERT PROJECT\GITHUB PROJECT\LEETCODE\HOUSE ROBBER\DEBUG\HOUSE ROBBER.ILK
E:\HERBERT PROJECT\GITHUB PROJECT\LEETCODE\HOUSE ROBBER\DEBUG\HOUSE ROBBER.EXE
E:\HERBERT PROJECT\GITHUB PROJECT\LEETCODE\HOUSE ROBBER\DEBUG\HOUSE ROBBER.PDB
E:\Herbert Project\GitHub Project\leetcode\House Robber\House Robber\Debug\main.obj
E:\Herbert Project\GitHub Project\leetcode\House Robber\House Robber\Debug\cl.command.1.tlog
E:\Herbert Project\GitHub Project\leetcode\House Robber\House Robber\Debug\CL.read.1.tlog
E:\Herbert Project\GitHub Project\leetcode\House Robber\House Robber\Debug\CL.write.1.tlog
E:\Herbert Project\GitHub Project\leetcode\House Robber\House Robber\Debug\link-cvtres.read.1.tlog
E:\Herbert Project\GitHub Project\leetcode\House Robber\House Robber\Debug\link-cvtres.write.1.tlog
E:\Herbert Project\GitHub Project\leetcode\House Robber\House Robber\Debug\link-rc.read.1.tlog
E:\Herbert Project\GitHub Project\leetcode\House Robber\House Robber\Debug\link-rc.write.1.tlog
E:\Herbert Project\GitHub Project\leetcode\House Robber\House Robber\Debug\link.command.1.tlog
E:\Herbert Project\GitHub Project\leetcode\House Robber\House Robber\Debug\link.read.1.tlog
E:\Herbert Project\GitHub Project\leetcode\House Robber\House Robber\Debug\link.write.1.tlog
E:\Herbert Project\GitHub Project\leetcode\House Robber\House Robber\Debug\vc110.idb
E:\Herbert Project\GitHub Project\leetcode\House Robber\House Robber\Debug\vc110.pdb
E:\Herbert Project\GitHub Project\leetcode\House Robber\Debug\House Robber.pdb
E:\Herbert Project\GitHub Project\leetcode\House Robber\Debug\House Robber.exe
E:\Herbert Project\GitHub Project\leetcode\House Robber\Debug\House Robber.ilk
